{"uuid":"b98103c6-3ed1-4d7f-b389-2a2778d89dec","historyId":"f2a9997ecb0d7bd9fcd2857bdfa3b25e","fullName":"User to sign in the dsalgo application and test Queue page: User should be directed to editor page with run button to test python code from Implementation using array link","labels":[{"name":"tag","value":"QueueSuite"},{"name":"tag","value":"TestSuite_queue_09"},{"name":"host","value":"DESKTOP-ETG9UVM"},{"name":"thread","value":"5540@DESKTOP-ETG9UVM.main(1)"},{"name":"feature","value":"User to sign in the dsalgo application and test Queue page"},{"name":"story","value":"User should be directed to editor page with run button to test python code from Implementation using array link"},{"name":"suite","value":"User to sign in the dsalgo application and test Queue page"},{"name":"testClass","value":"User should be directed to editor page with run button to test python code from Implementation using array link"},{"name":"framework","value":"cucumber4jvm"},{"name":"language","value":"java"},{"name":"gherkin_uri","value":"file:///C:/Users/HP/Desktop/Dsalgo_The-Xpathers/Dsalgo_The-Xpathers/src/test/resources/features/08_Queue.feature"},{"name":"package","value":"src.test.resources.features.08_Queue_feature.User to sign in the dsalgo application and test Queue page"}],"links":[],"name":"User should be directed to editor page with run button to test python code from Implementation using array link","status":"failed","statusDetails":{"known":false,"muted":false,"flaky":false,"message":"Title not matched expected [Implementation using array] but found [NumpyNinja]","trace":"java.lang.AssertionError: Title not matched expected [Implementation using array] but found [NumpyNinja]\r\n\tat org.testng.Assert.fail(Assert.java:110)\r\n\tat org.testng.Assert.failNotEquals(Assert.java:1413)\r\n\tat org.testng.Assert.assertEqualsImpl(Assert.java:149)\r\n\tat org.testng.Assert.assertEquals(Assert.java:131)\r\n\tat org.testng.Assert.assertEquals(Assert.java:655)\r\n\tat step_definitions.Queue_stepdef.user_in_implementation_using_array_link(Queue_stepdef.java:293)\r\n\tat ✽.User in Implementation using array link(file:///C:/Users/HP/Desktop/Dsalgo_The-Xpathers/Dsalgo_The-Xpathers/src/test/resources/features/08_Queue.feature:60)\r\n"},"stage":"finished","steps":[{"name":"Given  User in Implementation using array link","status":"failed","statusDetails":{"known":false,"muted":false,"flaky":false,"message":"Title not matched expected [Implementation using array] but found [NumpyNinja]","trace":"java.lang.AssertionError: Title not matched expected [Implementation using array] but found [NumpyNinja]\r\n\tat org.testng.Assert.fail(Assert.java:110)\r\n\tat org.testng.Assert.failNotEquals(Assert.java:1413)\r\n\tat org.testng.Assert.assertEqualsImpl(Assert.java:149)\r\n\tat org.testng.Assert.assertEquals(Assert.java:131)\r\n\tat org.testng.Assert.assertEquals(Assert.java:655)\r\n\tat step_definitions.Queue_stepdef.user_in_implementation_using_array_link(Queue_stepdef.java:293)\r\n\tat ✽.User in Implementation using array link(file:///C:/Users/HP/Desktop/Dsalgo_The-Xpathers/Dsalgo_The-Xpathers/src/test/resources/features/08_Queue.feature:60)\r\n"},"stage":"finished","steps":[],"attachments":[],"parameters":[],"start":1678813935518,"stop":1678813935675},{"name":"When  User clicks on Tryhere link from Implementation using array link","status":"skipped","statusDetails":{"known":false,"muted":false,"flaky":false},"stage":"finished","steps":[],"attachments":[],"parameters":[],"start":1678813935676,"stop":1678813935678},{"name":"Then  User navigates to Editor page to enter valid python code for array link","status":"skipped","statusDetails":{"known":false,"muted":false,"flaky":false},"stage":"finished","steps":[],"attachments":[],"parameters":[],"start":1678813935678,"stop":1678813935678},{"name":"And  User clicks on the run button for array link","status":"skipped","statusDetails":{"known":false,"muted":false,"flaky":false},"stage":"finished","steps":[],"attachments":[],"parameters":[],"start":1678813935678,"stop":1678813935679},{"name":"Then  User is presented with the result after run button is clicked for array link","status":"skipped","statusDetails":{"known":false,"muted":false,"flaky":false},"stage":"finished","steps":[],"attachments":[],"parameters":[],"start":1678813935679,"stop":1678813935680}],"attachments":[],"parameters":[],"start":1678813935496,"stop":1678813935684}